Arguments: 
  /usr/bin/node /usr/bin/yarn add express-async-handler

PATH: 
  /usr/local/sbin:/usr/local/bin:/usr/sbin:/usr/bin:/sbin:/bin:/usr/games:/usr/local/games:/mnt/c/Program Files/Common Files/Oracle/Java/javapath:/mnt/c/Program Files/Java/jre1.8.0_333/bin:/mnt/c/oraclexe/app/oracle/product/11.2.0/server/bin:/mnt/c/Program Files (x86)/Intel/Intel(R) Management Engine Components/iCLS/:/mnt/c/Program Files/Intel/Intel(R) Management Engine Components/iCLS/:/mnt/c/Windows/system32:/mnt/c/Windows:/mnt/c/Windows/System32/Wbem:/mnt/c/Windows/System32/WindowsPowerShell/v1.0/:/mnt/c/Windows/System32/OpenSSH/:/mnt/c/Program Files (x86)/Intel/Intel(R) Management Engine Components/DAL:/mnt/c/Program Files/Intel/Intel(R) Management Engine Components/DAL:/mnt/c/Program Files (x86)/Intel/Intel(R) Management Engine Components/IPT:/mnt/c/Program Files/Intel/Intel(R) Management Engine Components/IPT:/mnt/c/Program Files/Git/cmd:/mnt/c/Program Files/dotnet/:/mnt/c/Program Files/nodejs/:/mnt/c/Program Files/Microsoft SQL Server/Client SDK/ODBC/170/Tools/Binn/:/mnt/c/Program Files (x86)/Microsoft SQL Server/150/Tools/Binn/:/mnt/c/Program Files/Microsoft SQL Server/150/Tools/Binn/:/mnt/c/Program Files/Microsoft SQL Server/150/DTS/Binn/:/mnt/c/Program Files (x86)/Microsoft SQL Server/150/DTS/Binn/:/mnt/c/Program Files/Azure Data Studio/bin:/mnt/c/mingw32/bin:/mnt/c/WINDOWS/system32:/mnt/c/WINDOWS:/mnt/c/WINDOWS/System32/Wbem:/mnt/c/WINDOWS/System32/WindowsPowerShell/v1.0/:/mnt/c/WINDOWS/System32/OpenSSH/:/mnt/c/Program Files/GitHub CLI/:/mnt/c/Users/iscoa/AppData/Local/Programs/Python/Python310:/mnt/c/Users/iscoa/AppData/Local/Programs/Python/Python310/Scripts:/mnt/c/Program Files/MySQL/MySQL Shell 8.0/bin/:/mnt/c/Users/iscoa/AppData/Local/Microsoft/WindowsApps:/mnt/c/Users/iscoa/AppData/Local/Programs/Microsoft VS Code/bin:/mnt/c/Users/iscoa/.dotnet/tools:/mnt/c/Users/iscoa/AppData/Roaming/npm:/mnt/c/Users/iscoa/AppData/Local/GitHubDesktop/bin:/mnt/c/Users/iscoa/AppData/Local/atom/bin:/mnt/c/Users/iscoa/AppData/Local/Programs/Hyper/resources/bin:/snap/bin:/path/to/driver:/path/to/driver

Yarn version: 
  1.22.19

Node version: 
  14.19.3

Platform: 
  linux x64

Trace: 
  Error: getaddrinfo EAI_AGAIN registry.yarnpkg.com
      at GetAddrInfoReqWrap.onlookup [as oncomplete] (dns.js:71:26)

npm manifest: 
  {
    "name": "job-stack",
    "version": "1.0.0",
    "description": "",
    "main": "server.js",
    "type": "module",
    "scripts": {
      "test": "echo \"Error: no test specified\" && exit 1",
      "start": "node server.js"
    },
    "keywords": [],
    "author": "",
    "license": "ISC",
    "dependencies": {
      "@faker-js/faker": "^7.3.0",
      "dotenv": "^16.0.1",
      "express": "^4.18.1",
      "express-async-errors": "^3.1.1",
      "http-status-codes": "^2.2.0",
      "mongoose": "^6.4.0"
    }
  }

yarn manifest: 
  No manifest

Lockfile: 
  No lockfile
